<?xml version="1.0" encoding="UTF-8"?>
<testng-results total="1" passed="1" failed="0" skipped="0">
  <reporter-output>
  </reporter-output>
  <suite started-at="2024-08-05T17:29:26Z" name="Test Suite for Buildout" finished-at="2024-08-05T17:29:39Z" duration-ms="12937">
    <groups>
    </groups>
    <test started-at="2024-08-05T17:29:26Z" name="Test Cases for Buildout" finished-at="2024-08-05T17:29:39Z" duration-ms="12937">
      <class name="demo.TestCases">
        <test-method is-config="true" signature="startBrowser()[pri:0, instance:demo.TestCases@1a45193b]" started-at="2024-08-05T22:59:26Z" name="startBrowser" finished-at="2024-08-05T22:59:29Z" duration-ms="2633" status="PASS">
          <reporter-output>
          </reporter-output>
        </test-method> <!-- startBrowser -->
        <test-method signature="testCase01()[pri:0, instance:demo.TestCases@1a45193b]" started-at="2024-08-05T22:59:29Z" name="testCase01" finished-at="2024-08-05T22:59:38Z" duration-ms="9584" status="PASS">
          <reporter-output>
          </reporter-output>
        </test-method> <!-- testCase01 -->
        <test-method is-config="true" signature="endTest()[pri:0, instance:demo.TestCases@1a45193b]" started-at="2024-08-05T22:59:38Z" name="endTest" finished-at="2024-08-05T22:59:39Z" duration-ms="710" status="PASS">
          <reporter-output>
          </reporter-output>
        </test-method> <!-- endTest -->
      </class> <!-- demo.TestCases -->
    </test> <!-- Test Cases for Buildout -->
  </suite> <!-- Test Suite for Buildout -->
</testng-results>
